{"C:\\Users\\HP\\Documents\\backend-side\\src\\app.ts": {"path":"C:\\Users\\HP\\Documents\\backend-side\\src\\app.ts","statementMap":{"0":{"start":{"line":1,"column":0},"end":{"line":1,"column":29}},"1":{"start":{"line":2,"column":0},"end":{"line":2,"column":31}},"2":{"start":{"line":3,"column":0},"end":{"line":3,"column":37}},"3":{"start":{"line":4,"column":0},"end":{"line":4,"column":35}},"4":{"start":{"line":5,"column":0},"end":{"line":5,"column":45}},"5":{"start":{"line":6,"column":0},"end":{"line":6,"column":34}},"6":{"start":{"line":7,"column":0},"end":{"line":7,"column":40}},"7":{"start":{"line":8,"column":0},"end":{"line":8,"column":45}},"8":{"start":{"line":9,"column":0},"end":{"line":9,"column":32}},"9":{"start":{"line":11,"column":0},"end":{"line":11,"column":null}},"10":{"start":{"line":12,"column":12},"end":{"line":12,"column":21}},"11":{"start":{"line":14,"column":0},"end":{"line":14,"column":null}},"12":{"start":{"line":15,"column":0},"end":{"line":15,"column":null}},"13":{"start":{"line":16,"column":0},"end":{"line":16,"column":null}},"14":{"start":{"line":17,"column":0},"end":{"line":17,"column":null}},"15":{"start":{"line":18,"column":0},"end":{"line":18,"column":null}},"16":{"start":{"line":19,"column":0},"end":{"line":19,"column":null}},"17":{"start":{"line":20,"column":0},"end":{"line":20,"column":null}},"18":{"start":{"line":21,"column":20},"end":{"line":21,"column":24}},"19":{"start":{"line":22,"column":0},"end":{"line":27,"column":null}},"20":{"start":{"line":24,"column":8},"end":{"line":24,"column":null}},"21":{"start":{"line":26,"column":8},"end":{"line":26,"column":null}},"22":{"start":{"line":29,"column":0},"end":{"line":32,"column":null}},"23":{"start":{"line":30,"column":4},"end":{"line":30,"column":53}},"24":{"start":{"line":35,"column":0},"end":{"line":35,"column":null}}},"fnMap":{"0":{"name":"(anonymous_7)","decl":{"start":{"line":23,"column":10},"end":{"line":23,"column":13}},"loc":{"start":{"line":23,"column":15},"end":{"line":25,"column":5}}},"1":{"name":"(anonymous_8)","decl":{"start":{"line":25,"column":13},"end":{"line":25,"column":14}},"loc":{"start":{"line":25,"column":23},"end":{"line":27,"column":5}}},"2":{"name":"(anonymous_9)","decl":{"start":{"line":29,"column":19},"end":{"line":29,"column":22}},"loc":{"start":{"line":29,"column":24},"end":{"line":32,"column":1}}}},"branchMap":{},"s":{"0":1,"1":1,"2":1,"3":1,"4":1,"5":1,"6":1,"7":1,"8":1,"9":1,"10":1,"11":1,"12":1,"13":1,"14":1,"15":1,"16":1,"17":1,"18":1,"19":1,"20":1,"21":0,"22":1,"23":1,"24":1},"f":{"0":1,"1":0,"2":1},"b":{}}
,"C:\\Users\\HP\\Documents\\backend-side\\src\\model\\login.ts": {"path":"C:\\Users\\HP\\Documents\\backend-side\\src\\model\\login.ts","statementMap":{"0":{"start":{"line":1,"column":0},"end":{"line":1,"column":32}},"1":{"start":{"line":8,"column":20},"end":{"line":21,"column":2}},"2":{"start":{"line":23,"column":14},"end":{"line":23,"column":58}},"3":{"start":{"line":24,"column":0},"end":{"line":24,"column":null}}},"fnMap":{},"branchMap":{},"s":{"0":1,"1":1,"2":1,"3":1},"f":{},"b":{}}
,"C:\\Users\\HP\\Documents\\backend-side\\src\\routes\\blogs.ts": {"path":"C:\\Users\\HP\\Documents\\backend-side\\src\\routes\\blogs.ts","statementMap":{"0":{"start":{"line":5,"column":0},"end":{"line":5,"column":71}},"1":{"start":{"line":6,"column":0},"end":{"line":6,"column":55}},"2":{"start":{"line":7,"column":0},"end":{"line":7,"column":34}},"3":{"start":{"line":8,"column":0},"end":{"line":8,"column":28}},"4":{"start":{"line":9,"column":0},"end":{"line":9,"column":41}},"5":{"start":{"line":10,"column":0},"end":{"line":10,"column":23}},"6":{"start":{"line":11,"column":0},"end":{"line":11,"column":32}},"7":{"start":{"line":12,"column":0},"end":{"line":12,"column":51}},"8":{"start":{"line":14,"column":0},"end":{"line":14,"column":28}},"9":{"start":{"line":17,"column":22},"end":{"line":17,"column":38}},"10":{"start":{"line":18,"column":0},"end":{"line":18,"column":null}},"11":{"start":{"line":19,"column":0},"end":{"line":19,"column":null}},"12":{"start":{"line":20,"column":0},"end":{"line":20,"column":null}},"13":{"start":{"line":21,"column":0},"end":{"line":21,"column":null}},"14":{"start":{"line":22,"column":0},"end":{"line":22,"column":51}},"15":{"start":{"line":29,"column":16},"end":{"line":34,"column":2}},"16":{"start":{"line":32,"column":8},"end":{"line":32,"column":96}},"17":{"start":{"line":35,"column":15},"end":{"line":37,"column":2}},"18":{"start":{"line":40,"column":0},"end":{"line":40,"column":59}},"19":{"start":{"line":41,"column":0},"end":{"line":41,"column":null}},"20":{"start":{"line":42,"column":0},"end":{"line":42,"column":null}},"21":{"start":{"line":43,"column":0},"end":{"line":43,"column":null}},"22":{"start":{"line":44,"column":0},"end":{"line":44,"column":null}},"23":{"start":{"line":47,"column":4},"end":{"line":64,"column":null}},"24":{"start":{"line":47,"column":86},"end":{"line":64,"column":6}},"25":{"start":{"line":48,"column":8},"end":{"line":61,"column":9}},"26":{"start":{"line":49,"column":12},"end":{"line":51,"column":13}},"27":{"start":{"line":50,"column":16},"end":{"line":50,"column":null}},"28":{"start":{"line":52,"column":12},"end":{"line":56,"column":13}},"29":{"start":{"line":54,"column":16},"end":{"line":54,"column":null}},"30":{"start":{"line":57,"column":26},"end":{"line":57,"column":48}},"31":{"start":{"line":58,"column":12},"end":{"line":58,"column":48}},"32":{"start":{"line":60,"column":12},"end":{"line":60,"column":null}},"33":{"start":{"line":46,"column":0},"end":{"line":46,"column":22}},"34":{"start":{"line":69,"column":4},"end":{"line":96,"column":null}},"35":{"start":{"line":69,"column":86},"end":{"line":96,"column":6}},"36":{"start":{"line":70,"column":8},"end":{"line":93,"column":9}},"37":{"start":{"line":71,"column":12},"end":{"line":73,"column":13}},"38":{"start":{"line":72,"column":16},"end":{"line":72,"column":null}},"39":{"start":{"line":74,"column":12},"end":{"line":77,"column":13}},"40":{"start":{"line":75,"column":16},"end":{"line":75,"column":null}},"41":{"start":{"line":78,"column":50},"end":{"line":78,"column":58}},"42":{"start":{"line":79,"column":30},"end":{"line":79,"column":75}},"43":{"start":{"line":81,"column":12},"end":{"line":81,"column":null}},"44":{"start":{"line":82,"column":31},"end":{"line":88,"column":14}},"45":{"start":{"line":89,"column":12},"end":{"line":89,"column":30}},"46":{"start":{"line":90,"column":12},"end":{"line":90,"column":69}},"47":{"start":{"line":92,"column":12},"end":{"line":92,"column":null}},"48":{"start":{"line":101,"column":4},"end":{"line":118,"column":null}},"49":{"start":{"line":101,"column":86},"end":{"line":118,"column":6}},"50":{"start":{"line":102,"column":8},"end":{"line":115,"column":9}},"51":{"start":{"line":103,"column":12},"end":{"line":105,"column":13}},"52":{"start":{"line":104,"column":16},"end":{"line":104,"column":null}},"53":{"start":{"line":106,"column":12},"end":{"line":109,"column":13}},"54":{"start":{"line":107,"column":16},"end":{"line":107,"column":null}},"55":{"start":{"line":110,"column":31},"end":{"line":110,"column":70}},"56":{"start":{"line":111,"column":12},"end":{"line":111,"column":null}},"57":{"start":{"line":111,"column":36},"end":{"line":111,"column":null}},"58":{"start":{"line":112,"column":12},"end":{"line":112,"column":53}},"59":{"start":{"line":114,"column":12},"end":{"line":114,"column":null}},"60":{"start":{"line":123,"column":4},"end":{"line":141,"column":null}},"61":{"start":{"line":123,"column":86},"end":{"line":141,"column":6}},"62":{"start":{"line":124,"column":8},"end":{"line":138,"column":9}},"63":{"start":{"line":125,"column":12},"end":{"line":127,"column":13}},"64":{"start":{"line":126,"column":16},"end":{"line":126,"column":null}},"65":{"start":{"line":128,"column":12},"end":{"line":131,"column":13}},"66":{"start":{"line":129,"column":16},"end":{"line":129,"column":null}},"67":{"start":{"line":132,"column":26},"end":{"line":132,"column":39}},"68":{"start":{"line":133,"column":27},"end":{"line":133,"column":67}},"69":{"start":{"line":134,"column":12},"end":{"line":134,"column":null}},"70":{"start":{"line":134,"column":32},"end":{"line":134,"column":null}},"71":{"start":{"line":135,"column":12},"end":{"line":135,"column":70}},"72":{"start":{"line":137,"column":12},"end":{"line":137,"column":null}},"73":{"start":{"line":146,"column":4},"end":{"line":170,"column":null}},"74":{"start":{"line":146,"column":86},"end":{"line":170,"column":6}},"75":{"start":{"line":147,"column":8},"end":{"line":167,"column":9}},"76":{"start":{"line":148,"column":12},"end":{"line":150,"column":13}},"77":{"start":{"line":149,"column":16},"end":{"line":149,"column":null}},"78":{"start":{"line":151,"column":12},"end":{"line":154,"column":13}},"79":{"start":{"line":152,"column":16},"end":{"line":152,"column":null}},"80":{"start":{"line":155,"column":32},"end":{"line":161,"column":27}},"81":{"start":{"line":162,"column":12},"end":{"line":162,"column":null}},"82":{"start":{"line":162,"column":37},"end":{"line":162,"column":null}},"83":{"start":{"line":163,"column":12},"end":{"line":163,"column":null}},"84":{"start":{"line":164,"column":12},"end":{"line":164,"column":65}},"85":{"start":{"line":166,"column":12},"end":{"line":166,"column":null}},"86":{"start":{"line":176,"column":36},"end":{"line":179,"column":null}},"87":{"start":{"line":180,"column":0},"end":{"line":191,"column":null}},"88":{"start":{"line":180,"column":72},"end":{"line":191,"column":2}},"89":{"start":{"line":181,"column":4},"end":{"line":190,"column":5}},"90":{"start":{"line":182,"column":21},"end":{"line":182,"column":73}},"91":{"start":{"line":183,"column":8},"end":{"line":187,"column":9}},"92":{"start":{"line":184,"column":12},"end":{"line":184,"column":null}},"93":{"start":{"line":186,"column":12},"end":{"line":186,"column":null}},"94":{"start":{"line":189,"column":8},"end":{"line":189,"column":null}},"95":{"start":{"line":196,"column":0},"end":{"line":196,"column":null}}},"fnMap":{"0":{"name":"(anonymous_8)","decl":{"start":{"line":31,"column":14},"end":{"line":31,"column":15}},"loc":{"start":{"line":31,"column":32},"end":{"line":33,"column":5}}},"1":{"name":"authenticateToSeeAllBlogIn","decl":{"start":{"line":46,"column":22},"end":{"line":46,"column":48}},"loc":{"start":{"line":46,"column":91},"end":{"line":66,"column":null}}},"2":{"name":"(anonymous_11)","decl":{"start":{"line":47,"column":50},"end":{"line":47,"column":56}},"loc":{"start":{"line":47,"column":86},"end":{"line":64,"column":6}}},"3":{"name":"(anonymous_12)","decl":{"start":{"line":47,"column":86},"end":{"line":47,"column":null}},"loc":{"start":{"line":47,"column":86},"end":{"line":64,"column":5}}},"4":{"name":"authenticateToPostBlog","decl":{"start":{"line":68,"column":15},"end":{"line":68,"column":37}},"loc":{"start":{"line":68,"column":80},"end":{"line":98,"column":null}}},"5":{"name":"(anonymous_15)","decl":{"start":{"line":69,"column":50},"end":{"line":69,"column":56}},"loc":{"start":{"line":69,"column":86},"end":{"line":96,"column":6}}},"6":{"name":"(anonymous_16)","decl":{"start":{"line":69,"column":86},"end":{"line":69,"column":null}},"loc":{"start":{"line":69,"column":86},"end":{"line":96,"column":5}}},"7":{"name":"accessSingleBlog","decl":{"start":{"line":100,"column":15},"end":{"line":100,"column":31}},"loc":{"start":{"line":100,"column":74},"end":{"line":120,"column":null}}},"8":{"name":"(anonymous_19)","decl":{"start":{"line":101,"column":50},"end":{"line":101,"column":56}},"loc":{"start":{"line":101,"column":86},"end":{"line":118,"column":6}}},"9":{"name":"(anonymous_20)","decl":{"start":{"line":101,"column":86},"end":{"line":101,"column":null}},"loc":{"start":{"line":101,"column":86},"end":{"line":118,"column":5}}},"10":{"name":"deleteSingleBlog","decl":{"start":{"line":122,"column":15},"end":{"line":122,"column":31}},"loc":{"start":{"line":122,"column":74},"end":{"line":143,"column":null}}},"11":{"name":"(anonymous_23)","decl":{"start":{"line":123,"column":50},"end":{"line":123,"column":56}},"loc":{"start":{"line":123,"column":86},"end":{"line":141,"column":6}}},"12":{"name":"(anonymous_24)","decl":{"start":{"line":123,"column":86},"end":{"line":123,"column":null}},"loc":{"start":{"line":123,"column":86},"end":{"line":141,"column":5}}},"13":{"name":"updateSingleBlog","decl":{"start":{"line":145,"column":15},"end":{"line":145,"column":31}},"loc":{"start":{"line":145,"column":74},"end":{"line":172,"column":null}}},"14":{"name":"(anonymous_27)","decl":{"start":{"line":146,"column":50},"end":{"line":146,"column":56}},"loc":{"start":{"line":146,"column":86},"end":{"line":170,"column":6}}},"15":{"name":"(anonymous_28)","decl":{"start":{"line":146,"column":86},"end":{"line":146,"column":null}},"loc":{"start":{"line":146,"column":86},"end":{"line":170,"column":5}}},"16":{"name":"(anonymous_29)","decl":{"start":{"line":180,"column":38},"end":{"line":180,"column":44}},"loc":{"start":{"line":180,"column":72},"end":{"line":191,"column":2}}},"17":{"name":"(anonymous_30)","decl":{"start":{"line":180,"column":72},"end":{"line":180,"column":null}},"loc":{"start":{"line":180,"column":72},"end":{"line":191,"column":1}}}},"branchMap":{"0":{"loc":{"start":{"line":32,"column":27},"end":{"line":32,"column":42}},"type":"cond-expr","locations":[{"start":{"line":32,"column":31},"end":{"line":32,"column":33}},{"start":{"line":32,"column":27},"end":{"line":32,"column":42}}]},"1":{"loc":{"start":{"line":32,"column":27},"end":{"line":32,"column":33}},"type":"binary-expr","locations":[{"start":{"line":32,"column":27},"end":{"line":32,"column":33}},{"start":{"line":32,"column":27},"end":{"line":32,"column":33}}]},"2":{"loc":{"start":{"line":32,"column":72},"end":{"line":32,"column":90}},"type":"cond-expr","locations":[{"start":{"line":32,"column":76},"end":{"line":32,"column":78}},{"start":{"line":32,"column":72},"end":{"line":32,"column":90}}]},"3":{"loc":{"start":{"line":32,"column":72},"end":{"line":32,"column":78}},"type":"binary-expr","locations":[{"start":{"line":32,"column":72},"end":{"line":32,"column":78}},{"start":{"line":32,"column":72},"end":{"line":32,"column":78}}]},"4":{"loc":{"start":{"line":49,"column":12},"end":{"line":51,"column":13}},"type":"if","locations":[{"start":{"line":49,"column":12},"end":{"line":51,"column":13}}]},"5":{"loc":{"start":{"line":52,"column":12},"end":{"line":56,"column":13}},"type":"if","locations":[{"start":{"line":52,"column":12},"end":{"line":56,"column":13}}]},"6":{"loc":{"start":{"line":71,"column":12},"end":{"line":73,"column":13}},"type":"if","locations":[{"start":{"line":71,"column":12},"end":{"line":73,"column":13}}]},"7":{"loc":{"start":{"line":74,"column":12},"end":{"line":77,"column":13}},"type":"if","locations":[{"start":{"line":74,"column":12},"end":{"line":77,"column":13}}]},"8":{"loc":{"start":{"line":79,"column":55},"end":{"line":79,"column":73}},"type":"cond-expr","locations":[{"start":{"line":79,"column":63},"end":{"line":79,"column":65}},{"start":{"line":79,"column":63},"end":{"line":79,"column":73}}]},"9":{"loc":{"start":{"line":79,"column":55},"end":{"line":79,"column":65}},"type":"binary-expr","locations":[{"start":{"line":79,"column":55},"end":{"line":79,"column":65}},{"start":{"line":79,"column":63},"end":{"line":79,"column":65}}]},"10":{"loc":{"start":{"line":86,"column":23},"end":{"line":86,"column":50}},"type":"binary-expr","locations":[{"start":{"line":86,"column":23},"end":{"line":86,"column":32}},{"start":{"line":86,"column":36},"end":{"line":86,"column":44}},{"start":{"line":86,"column":48},"end":{"line":86,"column":50}}]},"11":{"loc":{"start":{"line":103,"column":12},"end":{"line":105,"column":13}},"type":"if","locations":[{"start":{"line":103,"column":12},"end":{"line":105,"column":13}}]},"12":{"loc":{"start":{"line":106,"column":12},"end":{"line":109,"column":13}},"type":"if","locations":[{"start":{"line":106,"column":12},"end":{"line":109,"column":13}}]},"13":{"loc":{"start":{"line":111,"column":12},"end":{"line":111,"column":null}},"type":"if","locations":[{"start":{"line":111,"column":12},"end":{"line":111,"column":null}}]},"14":{"loc":{"start":{"line":125,"column":12},"end":{"line":127,"column":13}},"type":"if","locations":[{"start":{"line":125,"column":12},"end":{"line":127,"column":13}}]},"15":{"loc":{"start":{"line":128,"column":12},"end":{"line":131,"column":13}},"type":"if","locations":[{"start":{"line":128,"column":12},"end":{"line":131,"column":13}}]},"16":{"loc":{"start":{"line":134,"column":12},"end":{"line":134,"column":null}},"type":"if","locations":[{"start":{"line":134,"column":12},"end":{"line":134,"column":null}}]},"17":{"loc":{"start":{"line":148,"column":12},"end":{"line":150,"column":13}},"type":"if","locations":[{"start":{"line":148,"column":12},"end":{"line":150,"column":13}}]},"18":{"loc":{"start":{"line":151,"column":12},"end":{"line":154,"column":13}},"type":"if","locations":[{"start":{"line":151,"column":12},"end":{"line":154,"column":13}}]},"19":{"loc":{"start":{"line":162,"column":12},"end":{"line":162,"column":null}},"type":"if","locations":[{"start":{"line":162,"column":12},"end":{"line":162,"column":null}}]},"20":{"loc":{"start":{"line":178,"column":17},"end":{"line":178,"column":60}},"type":"binary-expr","locations":[{"start":{"line":178,"column":17},"end":{"line":178,"column":48}},{"start":{"line":178,"column":52},"end":{"line":178,"column":60}}]},"21":{"loc":{"start":{"line":183,"column":8},"end":{"line":187,"column":9}},"type":"if","locations":[{"start":{"line":183,"column":8},"end":{"line":187,"column":9}},{"start":{"line":185,"column":15},"end":{"line":187,"column":9}}]}},"s":{"0":1,"1":1,"2":1,"3":1,"4":1,"5":1,"6":1,"7":1,"8":1,"9":1,"10":1,"11":1,"12":1,"13":1,"14":1,"15":1,"16":0,"17":1,"18":1,"19":1,"20":1,"21":1,"22":1,"23":0,"24":0,"25":0,"26":0,"27":0,"28":0,"29":0,"30":0,"31":0,"32":0,"33":1,"34":0,"35":0,"36":0,"37":0,"38":0,"39":0,"40":0,"41":0,"42":0,"43":0,"44":0,"45":0,"46":0,"47":0,"48":0,"49":0,"50":0,"51":0,"52":0,"53":0,"54":0,"55":0,"56":0,"57":0,"58":0,"59":0,"60":0,"61":0,"62":0,"63":0,"64":0,"65":0,"66":0,"67":0,"68":0,"69":0,"70":0,"71":0,"72":0,"73":0,"74":0,"75":0,"76":0,"77":0,"78":0,"79":0,"80":0,"81":0,"82":0,"83":0,"84":0,"85":0,"86":1,"87":1,"88":0,"89":0,"90":0,"91":0,"92":0,"93":0,"94":0,"95":1},"f":{"0":0,"1":0,"2":0,"3":0,"4":0,"5":0,"6":0,"7":0,"8":0,"9":0,"10":0,"11":0,"12":0,"13":0,"14":0,"15":0,"16":0,"17":0},"b":{"0":[0,0],"1":[0,0],"2":[0,0],"3":[0,0],"4":[0],"5":[0],"6":[0],"7":[0],"8":[0,0],"9":[0,0],"10":[0,0,0],"11":[0],"12":[0],"13":[0],"14":[0],"15":[0],"16":[0],"17":[0],"18":[0],"19":[0],"20":[1,0],"21":[0,0]}}
}
