{"C:\\Users\\HP\\Documents\\backend-side\\src\\app.ts": {"path":"C:\\Users\\HP\\Documents\\backend-side\\src\\app.ts","statementMap":{"0":{"start":{"line":1,"column":0},"end":{"line":1,"column":29}},"1":{"start":{"line":2,"column":0},"end":{"line":2,"column":31}},"2":{"start":{"line":3,"column":0},"end":{"line":3,"column":37}},"3":{"start":{"line":4,"column":0},"end":{"line":4,"column":35}},"4":{"start":{"line":5,"column":0},"end":{"line":5,"column":45}},"5":{"start":{"line":6,"column":0},"end":{"line":6,"column":34}},"6":{"start":{"line":7,"column":0},"end":{"line":7,"column":40}},"7":{"start":{"line":8,"column":0},"end":{"line":8,"column":45}},"8":{"start":{"line":9,"column":0},"end":{"line":9,"column":32}},"9":{"start":{"line":11,"column":0},"end":{"line":11,"column":null}},"10":{"start":{"line":12,"column":12},"end":{"line":12,"column":21}},"11":{"start":{"line":14,"column":0},"end":{"line":14,"column":null}},"12":{"start":{"line":15,"column":0},"end":{"line":15,"column":null}},"13":{"start":{"line":16,"column":0},"end":{"line":16,"column":null}},"14":{"start":{"line":17,"column":0},"end":{"line":17,"column":null}},"15":{"start":{"line":18,"column":0},"end":{"line":18,"column":null}},"16":{"start":{"line":19,"column":0},"end":{"line":19,"column":null}},"17":{"start":{"line":20,"column":0},"end":{"line":20,"column":null}},"18":{"start":{"line":21,"column":20},"end":{"line":21,"column":24}},"19":{"start":{"line":22,"column":0},"end":{"line":27,"column":null}},"20":{"start":{"line":24,"column":8},"end":{"line":24,"column":null}},"21":{"start":{"line":26,"column":8},"end":{"line":26,"column":null}},"22":{"start":{"line":29,"column":0},"end":{"line":32,"column":null}},"23":{"start":{"line":30,"column":4},"end":{"line":30,"column":53}},"24":{"start":{"line":35,"column":0},"end":{"line":35,"column":null}}},"fnMap":{"0":{"name":"(anonymous_7)","decl":{"start":{"line":23,"column":10},"end":{"line":23,"column":13}},"loc":{"start":{"line":23,"column":15},"end":{"line":25,"column":5}}},"1":{"name":"(anonymous_8)","decl":{"start":{"line":25,"column":13},"end":{"line":25,"column":14}},"loc":{"start":{"line":25,"column":23},"end":{"line":27,"column":5}}},"2":{"name":"(anonymous_9)","decl":{"start":{"line":29,"column":19},"end":{"line":29,"column":22}},"loc":{"start":{"line":29,"column":24},"end":{"line":32,"column":1}}}},"branchMap":{},"s":{"0":1,"1":1,"2":1,"3":1,"4":1,"5":1,"6":1,"7":1,"8":1,"9":1,"10":1,"11":1,"12":1,"13":1,"14":1,"15":1,"16":1,"17":1,"18":1,"19":1,"20":1,"21":0,"22":1,"23":1,"24":1},"f":{"0":1,"1":0,"2":1},"b":{}}
,"C:\\Users\\HP\\Documents\\backend-side\\src\\model\\contactInq.ts": {"path":"C:\\Users\\HP\\Documents\\backend-side\\src\\model\\contactInq.ts","statementMap":{"0":{"start":{"line":1,"column":0},"end":{"line":1,"column":44}},"1":{"start":{"line":7,"column":19},"end":{"line":20,"column":2}},"2":{"start":{"line":22,"column":16},"end":{"line":22,"column":62}},"3":{"start":{"line":23,"column":0},"end":{"line":23,"column":null}}},"fnMap":{},"branchMap":{},"s":{"0":1,"1":1,"2":1,"3":1},"f":{},"b":{}}
,"C:\\Users\\HP\\Documents\\backend-side\\src\\model\\login.ts": {"path":"C:\\Users\\HP\\Documents\\backend-side\\src\\model\\login.ts","statementMap":{"0":{"start":{"line":1,"column":0},"end":{"line":1,"column":32}},"1":{"start":{"line":8,"column":20},"end":{"line":21,"column":2}},"2":{"start":{"line":23,"column":14},"end":{"line":23,"column":58}},"3":{"start":{"line":24,"column":0},"end":{"line":24,"column":null}}},"fnMap":{},"branchMap":{},"s":{"0":1,"1":1,"2":1,"3":1},"f":{},"b":{}}
,"C:\\Users\\HP\\Documents\\backend-side\\src\\model\\postModel.ts": {"path":"C:\\Users\\HP\\Documents\\backend-side\\src\\model\\postModel.ts","statementMap":{"0":{"start":{"line":1,"column":0},"end":{"line":1,"column":52}},"1":{"start":{"line":10,"column":18},"end":{"line":32,"column":2}},"2":{"start":{"line":33,"column":18},"end":{"line":33,"column":59}},"3":{"start":{"line":34,"column":0},"end":{"line":34,"column":null}}},"fnMap":{},"branchMap":{},"s":{"0":1,"1":1,"2":1,"3":1},"f":{},"b":{}}
,"C:\\Users\\HP\\Documents\\backend-side\\src\\model\\profile.ts": {"path":"C:\\Users\\HP\\Documents\\backend-side\\src\\model\\profile.ts","statementMap":{"0":{"start":{"line":1,"column":0},"end":{"line":1,"column":44}},"1":{"start":{"line":7,"column":20},"end":{"line":20,"column":2}},"2":{"start":{"line":22,"column":16},"end":{"line":22,"column":63}},"3":{"start":{"line":23,"column":0},"end":{"line":23,"column":null}}},"fnMap":{},"branchMap":{},"s":{"0":1,"1":1,"2":1,"3":1},"f":{},"b":{}}
,"C:\\Users\\HP\\Documents\\backend-side\\src\\model\\projectsModel.ts": {"path":"C:\\Users\\HP\\Documents\\backend-side\\src\\model\\projectsModel.ts","statementMap":{"0":{"start":{"line":1,"column":0},"end":{"line":1,"column":44}},"1":{"start":{"line":7,"column":21},"end":{"line":20,"column":2}},"2":{"start":{"line":23,"column":16},"end":{"line":23,"column":65}},"3":{"start":{"line":24,"column":0},"end":{"line":24,"column":null}}},"fnMap":{},"branchMap":{},"s":{"0":1,"1":1,"2":1,"3":1},"f":{},"b":{}}
,"C:\\Users\\HP\\Documents\\backend-side\\src\\routes\\blogs.ts": {"path":"C:\\Users\\HP\\Documents\\backend-side\\src\\routes\\blogs.ts","statementMap":{"0":{"start":{"line":5,"column":0},"end":{"line":5,"column":71}},"1":{"start":{"line":6,"column":0},"end":{"line":6,"column":55}},"2":{"start":{"line":7,"column":0},"end":{"line":7,"column":34}},"3":{"start":{"line":8,"column":0},"end":{"line":8,"column":28}},"4":{"start":{"line":9,"column":0},"end":{"line":9,"column":41}},"5":{"start":{"line":10,"column":0},"end":{"line":10,"column":23}},"6":{"start":{"line":11,"column":0},"end":{"line":11,"column":32}},"7":{"start":{"line":12,"column":0},"end":{"line":12,"column":51}},"8":{"start":{"line":14,"column":0},"end":{"line":14,"column":28}},"9":{"start":{"line":17,"column":22},"end":{"line":17,"column":38}},"10":{"start":{"line":18,"column":0},"end":{"line":18,"column":null}},"11":{"start":{"line":19,"column":0},"end":{"line":19,"column":null}},"12":{"start":{"line":20,"column":0},"end":{"line":20,"column":null}},"13":{"start":{"line":21,"column":0},"end":{"line":21,"column":null}},"14":{"start":{"line":22,"column":0},"end":{"line":22,"column":51}},"15":{"start":{"line":29,"column":16},"end":{"line":34,"column":2}},"16":{"start":{"line":32,"column":8},"end":{"line":32,"column":96}},"17":{"start":{"line":35,"column":15},"end":{"line":37,"column":2}},"18":{"start":{"line":40,"column":0},"end":{"line":40,"column":59}},"19":{"start":{"line":41,"column":0},"end":{"line":41,"column":null}},"20":{"start":{"line":42,"column":0},"end":{"line":42,"column":null}},"21":{"start":{"line":43,"column":0},"end":{"line":43,"column":null}},"22":{"start":{"line":44,"column":0},"end":{"line":44,"column":null}},"23":{"start":{"line":47,"column":4},"end":{"line":64,"column":null}},"24":{"start":{"line":47,"column":86},"end":{"line":64,"column":6}},"25":{"start":{"line":48,"column":8},"end":{"line":61,"column":9}},"26":{"start":{"line":49,"column":12},"end":{"line":51,"column":13}},"27":{"start":{"line":50,"column":16},"end":{"line":50,"column":null}},"28":{"start":{"line":52,"column":12},"end":{"line":56,"column":13}},"29":{"start":{"line":54,"column":16},"end":{"line":54,"column":null}},"30":{"start":{"line":57,"column":26},"end":{"line":57,"column":48}},"31":{"start":{"line":58,"column":12},"end":{"line":58,"column":48}},"32":{"start":{"line":60,"column":12},"end":{"line":60,"column":null}},"33":{"start":{"line":46,"column":0},"end":{"line":46,"column":22}},"34":{"start":{"line":69,"column":4},"end":{"line":96,"column":null}},"35":{"start":{"line":69,"column":86},"end":{"line":96,"column":6}},"36":{"start":{"line":70,"column":8},"end":{"line":93,"column":9}},"37":{"start":{"line":71,"column":12},"end":{"line":73,"column":13}},"38":{"start":{"line":72,"column":16},"end":{"line":72,"column":null}},"39":{"start":{"line":74,"column":12},"end":{"line":77,"column":13}},"40":{"start":{"line":75,"column":16},"end":{"line":75,"column":null}},"41":{"start":{"line":78,"column":50},"end":{"line":78,"column":58}},"42":{"start":{"line":79,"column":30},"end":{"line":79,"column":75}},"43":{"start":{"line":81,"column":12},"end":{"line":81,"column":null}},"44":{"start":{"line":82,"column":31},"end":{"line":88,"column":14}},"45":{"start":{"line":89,"column":12},"end":{"line":89,"column":30}},"46":{"start":{"line":90,"column":12},"end":{"line":90,"column":69}},"47":{"start":{"line":92,"column":12},"end":{"line":92,"column":null}},"48":{"start":{"line":101,"column":4},"end":{"line":118,"column":null}},"49":{"start":{"line":101,"column":86},"end":{"line":118,"column":6}},"50":{"start":{"line":102,"column":8},"end":{"line":115,"column":9}},"51":{"start":{"line":103,"column":12},"end":{"line":105,"column":13}},"52":{"start":{"line":104,"column":16},"end":{"line":104,"column":null}},"53":{"start":{"line":106,"column":12},"end":{"line":109,"column":13}},"54":{"start":{"line":107,"column":16},"end":{"line":107,"column":null}},"55":{"start":{"line":110,"column":31},"end":{"line":110,"column":70}},"56":{"start":{"line":111,"column":12},"end":{"line":111,"column":null}},"57":{"start":{"line":111,"column":36},"end":{"line":111,"column":null}},"58":{"start":{"line":112,"column":12},"end":{"line":112,"column":53}},"59":{"start":{"line":114,"column":12},"end":{"line":114,"column":null}},"60":{"start":{"line":123,"column":4},"end":{"line":141,"column":null}},"61":{"start":{"line":123,"column":86},"end":{"line":141,"column":6}},"62":{"start":{"line":124,"column":8},"end":{"line":138,"column":9}},"63":{"start":{"line":125,"column":12},"end":{"line":127,"column":13}},"64":{"start":{"line":126,"column":16},"end":{"line":126,"column":null}},"65":{"start":{"line":128,"column":12},"end":{"line":131,"column":13}},"66":{"start":{"line":129,"column":16},"end":{"line":129,"column":null}},"67":{"start":{"line":132,"column":26},"end":{"line":132,"column":39}},"68":{"start":{"line":133,"column":27},"end":{"line":133,"column":67}},"69":{"start":{"line":134,"column":12},"end":{"line":134,"column":null}},"70":{"start":{"line":134,"column":32},"end":{"line":134,"column":null}},"71":{"start":{"line":135,"column":12},"end":{"line":135,"column":70}},"72":{"start":{"line":137,"column":12},"end":{"line":137,"column":null}},"73":{"start":{"line":146,"column":4},"end":{"line":170,"column":null}},"74":{"start":{"line":146,"column":86},"end":{"line":170,"column":6}},"75":{"start":{"line":147,"column":8},"end":{"line":167,"column":9}},"76":{"start":{"line":148,"column":12},"end":{"line":150,"column":13}},"77":{"start":{"line":149,"column":16},"end":{"line":149,"column":null}},"78":{"start":{"line":151,"column":12},"end":{"line":154,"column":13}},"79":{"start":{"line":152,"column":16},"end":{"line":152,"column":null}},"80":{"start":{"line":155,"column":32},"end":{"line":161,"column":27}},"81":{"start":{"line":162,"column":12},"end":{"line":162,"column":null}},"82":{"start":{"line":162,"column":37},"end":{"line":162,"column":null}},"83":{"start":{"line":163,"column":12},"end":{"line":163,"column":null}},"84":{"start":{"line":164,"column":12},"end":{"line":164,"column":65}},"85":{"start":{"line":166,"column":12},"end":{"line":166,"column":null}},"86":{"start":{"line":176,"column":36},"end":{"line":179,"column":null}},"87":{"start":{"line":180,"column":0},"end":{"line":191,"column":null}},"88":{"start":{"line":180,"column":72},"end":{"line":191,"column":2}},"89":{"start":{"line":181,"column":4},"end":{"line":190,"column":5}},"90":{"start":{"line":182,"column":21},"end":{"line":182,"column":73}},"91":{"start":{"line":183,"column":8},"end":{"line":187,"column":9}},"92":{"start":{"line":184,"column":12},"end":{"line":184,"column":null}},"93":{"start":{"line":186,"column":12},"end":{"line":186,"column":null}},"94":{"start":{"line":189,"column":8},"end":{"line":189,"column":null}},"95":{"start":{"line":196,"column":0},"end":{"line":196,"column":null}}},"fnMap":{"0":{"name":"(anonymous_8)","decl":{"start":{"line":31,"column":14},"end":{"line":31,"column":15}},"loc":{"start":{"line":31,"column":32},"end":{"line":33,"column":5}}},"1":{"name":"authenticateToSeeAllBlogIn","decl":{"start":{"line":46,"column":22},"end":{"line":46,"column":48}},"loc":{"start":{"line":46,"column":91},"end":{"line":66,"column":null}}},"2":{"name":"(anonymous_11)","decl":{"start":{"line":47,"column":50},"end":{"line":47,"column":56}},"loc":{"start":{"line":47,"column":86},"end":{"line":64,"column":6}}},"3":{"name":"(anonymous_12)","decl":{"start":{"line":47,"column":86},"end":{"line":47,"column":null}},"loc":{"start":{"line":47,"column":86},"end":{"line":64,"column":5}}},"4":{"name":"authenticateToPostBlog","decl":{"start":{"line":68,"column":15},"end":{"line":68,"column":37}},"loc":{"start":{"line":68,"column":80},"end":{"line":98,"column":null}}},"5":{"name":"(anonymous_15)","decl":{"start":{"line":69,"column":50},"end":{"line":69,"column":56}},"loc":{"start":{"line":69,"column":86},"end":{"line":96,"column":6}}},"6":{"name":"(anonymous_16)","decl":{"start":{"line":69,"column":86},"end":{"line":69,"column":null}},"loc":{"start":{"line":69,"column":86},"end":{"line":96,"column":5}}},"7":{"name":"accessSingleBlog","decl":{"start":{"line":100,"column":15},"end":{"line":100,"column":31}},"loc":{"start":{"line":100,"column":74},"end":{"line":120,"column":null}}},"8":{"name":"(anonymous_19)","decl":{"start":{"line":101,"column":50},"end":{"line":101,"column":56}},"loc":{"start":{"line":101,"column":86},"end":{"line":118,"column":6}}},"9":{"name":"(anonymous_20)","decl":{"start":{"line":101,"column":86},"end":{"line":101,"column":null}},"loc":{"start":{"line":101,"column":86},"end":{"line":118,"column":5}}},"10":{"name":"deleteSingleBlog","decl":{"start":{"line":122,"column":15},"end":{"line":122,"column":31}},"loc":{"start":{"line":122,"column":74},"end":{"line":143,"column":null}}},"11":{"name":"(anonymous_23)","decl":{"start":{"line":123,"column":50},"end":{"line":123,"column":56}},"loc":{"start":{"line":123,"column":86},"end":{"line":141,"column":6}}},"12":{"name":"(anonymous_24)","decl":{"start":{"line":123,"column":86},"end":{"line":123,"column":null}},"loc":{"start":{"line":123,"column":86},"end":{"line":141,"column":5}}},"13":{"name":"updateSingleBlog","decl":{"start":{"line":145,"column":15},"end":{"line":145,"column":31}},"loc":{"start":{"line":145,"column":74},"end":{"line":172,"column":null}}},"14":{"name":"(anonymous_27)","decl":{"start":{"line":146,"column":50},"end":{"line":146,"column":56}},"loc":{"start":{"line":146,"column":86},"end":{"line":170,"column":6}}},"15":{"name":"(anonymous_28)","decl":{"start":{"line":146,"column":86},"end":{"line":146,"column":null}},"loc":{"start":{"line":146,"column":86},"end":{"line":170,"column":5}}},"16":{"name":"(anonymous_29)","decl":{"start":{"line":180,"column":38},"end":{"line":180,"column":44}},"loc":{"start":{"line":180,"column":72},"end":{"line":191,"column":2}}},"17":{"name":"(anonymous_30)","decl":{"start":{"line":180,"column":72},"end":{"line":180,"column":null}},"loc":{"start":{"line":180,"column":72},"end":{"line":191,"column":1}}}},"branchMap":{"0":{"loc":{"start":{"line":32,"column":27},"end":{"line":32,"column":42}},"type":"cond-expr","locations":[{"start":{"line":32,"column":31},"end":{"line":32,"column":33}},{"start":{"line":32,"column":27},"end":{"line":32,"column":42}}]},"1":{"loc":{"start":{"line":32,"column":27},"end":{"line":32,"column":33}},"type":"binary-expr","locations":[{"start":{"line":32,"column":27},"end":{"line":32,"column":33}},{"start":{"line":32,"column":27},"end":{"line":32,"column":33}}]},"2":{"loc":{"start":{"line":32,"column":72},"end":{"line":32,"column":90}},"type":"cond-expr","locations":[{"start":{"line":32,"column":76},"end":{"line":32,"column":78}},{"start":{"line":32,"column":72},"end":{"line":32,"column":90}}]},"3":{"loc":{"start":{"line":32,"column":72},"end":{"line":32,"column":78}},"type":"binary-expr","locations":[{"start":{"line":32,"column":72},"end":{"line":32,"column":78}},{"start":{"line":32,"column":72},"end":{"line":32,"column":78}}]},"4":{"loc":{"start":{"line":49,"column":12},"end":{"line":51,"column":13}},"type":"if","locations":[{"start":{"line":49,"column":12},"end":{"line":51,"column":13}}]},"5":{"loc":{"start":{"line":52,"column":12},"end":{"line":56,"column":13}},"type":"if","locations":[{"start":{"line":52,"column":12},"end":{"line":56,"column":13}}]},"6":{"loc":{"start":{"line":71,"column":12},"end":{"line":73,"column":13}},"type":"if","locations":[{"start":{"line":71,"column":12},"end":{"line":73,"column":13}}]},"7":{"loc":{"start":{"line":74,"column":12},"end":{"line":77,"column":13}},"type":"if","locations":[{"start":{"line":74,"column":12},"end":{"line":77,"column":13}}]},"8":{"loc":{"start":{"line":79,"column":55},"end":{"line":79,"column":73}},"type":"cond-expr","locations":[{"start":{"line":79,"column":63},"end":{"line":79,"column":65}},{"start":{"line":79,"column":63},"end":{"line":79,"column":73}}]},"9":{"loc":{"start":{"line":79,"column":55},"end":{"line":79,"column":65}},"type":"binary-expr","locations":[{"start":{"line":79,"column":55},"end":{"line":79,"column":65}},{"start":{"line":79,"column":63},"end":{"line":79,"column":65}}]},"10":{"loc":{"start":{"line":86,"column":23},"end":{"line":86,"column":50}},"type":"binary-expr","locations":[{"start":{"line":86,"column":23},"end":{"line":86,"column":32}},{"start":{"line":86,"column":36},"end":{"line":86,"column":44}},{"start":{"line":86,"column":48},"end":{"line":86,"column":50}}]},"11":{"loc":{"start":{"line":103,"column":12},"end":{"line":105,"column":13}},"type":"if","locations":[{"start":{"line":103,"column":12},"end":{"line":105,"column":13}}]},"12":{"loc":{"start":{"line":106,"column":12},"end":{"line":109,"column":13}},"type":"if","locations":[{"start":{"line":106,"column":12},"end":{"line":109,"column":13}}]},"13":{"loc":{"start":{"line":111,"column":12},"end":{"line":111,"column":null}},"type":"if","locations":[{"start":{"line":111,"column":12},"end":{"line":111,"column":null}}]},"14":{"loc":{"start":{"line":125,"column":12},"end":{"line":127,"column":13}},"type":"if","locations":[{"start":{"line":125,"column":12},"end":{"line":127,"column":13}}]},"15":{"loc":{"start":{"line":128,"column":12},"end":{"line":131,"column":13}},"type":"if","locations":[{"start":{"line":128,"column":12},"end":{"line":131,"column":13}}]},"16":{"loc":{"start":{"line":134,"column":12},"end":{"line":134,"column":null}},"type":"if","locations":[{"start":{"line":134,"column":12},"end":{"line":134,"column":null}}]},"17":{"loc":{"start":{"line":148,"column":12},"end":{"line":150,"column":13}},"type":"if","locations":[{"start":{"line":148,"column":12},"end":{"line":150,"column":13}}]},"18":{"loc":{"start":{"line":151,"column":12},"end":{"line":154,"column":13}},"type":"if","locations":[{"start":{"line":151,"column":12},"end":{"line":154,"column":13}}]},"19":{"loc":{"start":{"line":162,"column":12},"end":{"line":162,"column":null}},"type":"if","locations":[{"start":{"line":162,"column":12},"end":{"line":162,"column":null}}]},"20":{"loc":{"start":{"line":178,"column":17},"end":{"line":178,"column":60}},"type":"binary-expr","locations":[{"start":{"line":178,"column":17},"end":{"line":178,"column":48}},{"start":{"line":178,"column":52},"end":{"line":178,"column":60}}]},"21":{"loc":{"start":{"line":183,"column":8},"end":{"line":187,"column":9}},"type":"if","locations":[{"start":{"line":183,"column":8},"end":{"line":187,"column":9}},{"start":{"line":185,"column":15},"end":{"line":187,"column":9}}]}},"s":{"0":1,"1":1,"2":1,"3":1,"4":1,"5":1,"6":1,"7":1,"8":1,"9":1,"10":1,"11":1,"12":1,"13":1,"14":1,"15":1,"16":0,"17":1,"18":1,"19":1,"20":1,"21":1,"22":1,"23":0,"24":0,"25":0,"26":0,"27":0,"28":0,"29":0,"30":0,"31":0,"32":0,"33":1,"34":0,"35":0,"36":0,"37":0,"38":0,"39":0,"40":0,"41":0,"42":0,"43":0,"44":0,"45":0,"46":0,"47":0,"48":0,"49":0,"50":0,"51":0,"52":0,"53":0,"54":0,"55":0,"56":0,"57":0,"58":0,"59":0,"60":0,"61":0,"62":0,"63":0,"64":0,"65":0,"66":0,"67":0,"68":0,"69":0,"70":0,"71":0,"72":0,"73":0,"74":0,"75":0,"76":0,"77":0,"78":0,"79":0,"80":0,"81":0,"82":0,"83":0,"84":0,"85":0,"86":1,"87":1,"88":0,"89":0,"90":0,"91":0,"92":0,"93":0,"94":0,"95":1},"f":{"0":0,"1":0,"2":0,"3":0,"4":0,"5":0,"6":0,"7":0,"8":0,"9":0,"10":0,"11":0,"12":0,"13":0,"14":0,"15":0,"16":0,"17":0},"b":{"0":[0,0],"1":[0,0],"2":[0,0],"3":[0,0],"4":[0],"5":[0],"6":[0],"7":[0],"8":[0,0],"9":[0,0],"10":[0,0,0],"11":[0],"12":[0],"13":[0],"14":[0],"15":[0],"16":[0],"17":[0],"18":[0],"19":[0],"20":[1,0],"21":[0,0]}}
,"C:\\Users\\HP\\Documents\\backend-side\\src\\routes\\contactMessage.ts": {"path":"C:\\Users\\HP\\Documents\\backend-side\\src\\routes\\contactMessage.ts","statementMap":{"0":{"start":{"line":2,"column":0},"end":{"line":2,"column":75}},"1":{"start":{"line":3,"column":22},"end":{"line":3,"column":38}},"2":{"start":{"line":4,"column":0},"end":{"line":4,"column":53}},"3":{"start":{"line":6,"column":0},"end":{"line":6,"column":34}},"4":{"start":{"line":7,"column":0},"end":{"line":7,"column":27}},"5":{"start":{"line":8,"column":0},"end":{"line":8,"column":31}},"6":{"start":{"line":9,"column":0},"end":{"line":9,"column":49}},"7":{"start":{"line":11,"column":0},"end":{"line":11,"column":null}},"8":{"start":{"line":22,"column":0},"end":{"line":22,"column":null}},"9":{"start":{"line":23,"column":0},"end":{"line":23,"column":null}},"10":{"start":{"line":28,"column":0},"end":{"line":28,"column":null}},"11":{"start":{"line":29,"column":0},"end":{"line":29,"column":null}},"12":{"start":{"line":33,"column":4},"end":{"line":52,"column":null}},"13":{"start":{"line":33,"column":88},"end":{"line":52,"column":6}},"14":{"start":{"line":34,"column":8},"end":{"line":51,"column":9}},"15":{"start":{"line":35,"column":12},"end":{"line":37,"column":13}},"16":{"start":{"line":36,"column":16},"end":{"line":36,"column":33}},"17":{"start":{"line":37,"column":14},"end":{"line":39,"column":13}},"18":{"start":{"line":38,"column":16},"end":{"line":38,"column":null}},"19":{"start":{"line":40,"column":37},"end":{"line":44,"column":14}},"20":{"start":{"line":45,"column":32},"end":{"line":45,"column":53}},"21":{"start":{"line":46,"column":12},"end":{"line":46,"column":64}},"22":{"start":{"line":50,"column":12},"end":{"line":50,"column":null}},"23":{"start":{"line":56,"column":4},"end":{"line":68,"column":null}},"24":{"start":{"line":56,"column":91},"end":{"line":68,"column":6}},"25":{"start":{"line":57,"column":8},"end":{"line":67,"column":9}},"26":{"start":{"line":58,"column":12},"end":{"line":60,"column":13}},"27":{"start":{"line":59,"column":16},"end":{"line":59,"column":null}},"28":{"start":{"line":61,"column":12},"end":{"line":61,"column":null}},"29":{"start":{"line":61,"column":22},"end":{"line":61,"column":null}},"30":{"start":{"line":62,"column":29},"end":{"line":62,"column":49}},"31":{"start":{"line":63,"column":12},"end":{"line":63,"column":null}},"32":{"start":{"line":66,"column":12},"end":{"line":66,"column":null}},"33":{"start":{"line":77,"column":34},"end":{"line":80,"column":null}},"34":{"start":{"line":82,"column":0},"end":{"line":93,"column":null}},"35":{"start":{"line":82,"column":72},"end":{"line":93,"column":2}},"36":{"start":{"line":83,"column":4},"end":{"line":92,"column":5}},"37":{"start":{"line":84,"column":21},"end":{"line":84,"column":73}},"38":{"start":{"line":85,"column":8},"end":{"line":89,"column":9}},"39":{"start":{"line":86,"column":12},"end":{"line":86,"column":null}},"40":{"start":{"line":88,"column":12},"end":{"line":88,"column":null}},"41":{"start":{"line":91,"column":8},"end":{"line":91,"column":null}},"42":{"start":{"line":96,"column":0},"end":{"line":96,"column":22}}},"fnMap":{"0":{"name":"allowUserToSubmitMessage","decl":{"start":{"line":32,"column":15},"end":{"line":32,"column":39}},"loc":{"start":{"line":32,"column":82},"end":{"line":53,"column":null}}},"1":{"name":"(anonymous_10)","decl":{"start":{"line":33,"column":51},"end":{"line":33,"column":57}},"loc":{"start":{"line":33,"column":88},"end":{"line":52,"column":6}}},"2":{"name":"(anonymous_11)","decl":{"start":{"line":33,"column":88},"end":{"line":33,"column":null}},"loc":{"start":{"line":33,"column":88},"end":{"line":52,"column":5}}},"3":{"name":"retrieveAllMessage","decl":{"start":{"line":55,"column":15},"end":{"line":55,"column":33}},"loc":{"start":{"line":55,"column":74},"end":{"line":70,"column":null}}},"4":{"name":"(anonymous_14)","decl":{"start":{"line":56,"column":51},"end":{"line":56,"column":58}},"loc":{"start":{"line":56,"column":91},"end":{"line":68,"column":6}}},"5":{"name":"(anonymous_15)","decl":{"start":{"line":56,"column":91},"end":{"line":56,"column":null}},"loc":{"start":{"line":56,"column":91},"end":{"line":68,"column":5}}},"6":{"name":"(anonymous_16)","decl":{"start":{"line":82,"column":38},"end":{"line":82,"column":44}},"loc":{"start":{"line":82,"column":72},"end":{"line":93,"column":2}}},"7":{"name":"(anonymous_17)","decl":{"start":{"line":82,"column":72},"end":{"line":82,"column":null}},"loc":{"start":{"line":82,"column":72},"end":{"line":93,"column":1}}}},"branchMap":{"0":{"loc":{"start":{"line":35,"column":12},"end":{"line":37,"column":13}},"type":"if","locations":[{"start":{"line":35,"column":12},"end":{"line":37,"column":13}}]},"1":{"loc":{"start":{"line":37,"column":14},"end":{"line":39,"column":13}},"type":"if","locations":[{"start":{"line":37,"column":14},"end":{"line":39,"column":13}}]},"2":{"loc":{"start":{"line":58,"column":12},"end":{"line":60,"column":13}},"type":"if","locations":[{"start":{"line":58,"column":12},"end":{"line":60,"column":13}}]},"3":{"loc":{"start":{"line":61,"column":12},"end":{"line":61,"column":null}},"type":"if","locations":[{"start":{"line":61,"column":12},"end":{"line":61,"column":null}}]},"4":{"loc":{"start":{"line":79,"column":17},"end":{"line":79,"column":60}},"type":"binary-expr","locations":[{"start":{"line":79,"column":17},"end":{"line":79,"column":48}},{"start":{"line":79,"column":52},"end":{"line":79,"column":60}}]},"5":{"loc":{"start":{"line":85,"column":8},"end":{"line":89,"column":9}},"type":"if","locations":[{"start":{"line":85,"column":8},"end":{"line":89,"column":9}},{"start":{"line":87,"column":15},"end":{"line":89,"column":9}}]}},"s":{"0":1,"1":1,"2":1,"3":1,"4":1,"5":1,"6":1,"7":1,"8":1,"9":1,"10":1,"11":1,"12":0,"13":0,"14":0,"15":0,"16":0,"17":0,"18":0,"19":0,"20":0,"21":0,"22":0,"23":0,"24":0,"25":0,"26":0,"27":0,"28":0,"29":0,"30":0,"31":0,"32":0,"33":1,"34":1,"35":0,"36":0,"37":0,"38":0,"39":0,"40":0,"41":0,"42":1},"f":{"0":0,"1":0,"2":0,"3":0,"4":0,"5":0,"6":0,"7":0},"b":{"0":[0],"1":[0],"2":[0],"3":[0],"4":[1,0],"5":[0,0]}}
,"C:\\Users\\HP\\Documents\\backend-side\\src\\routes\\login.ts": {"path":"C:\\Users\\HP\\Documents\\backend-side\\src\\routes\\login.ts","statementMap":{"0":{"start":{"line":2,"column":0},"end":{"line":2,"column":74}},"1":{"start":{"line":3,"column":0},"end":{"line":3,"column":65}},"2":{"start":{"line":4,"column":22},"end":{"line":4,"column":38}},"3":{"start":{"line":5,"column":0},"end":{"line":5,"column":34}},"4":{"start":{"line":6,"column":0},"end":{"line":6,"column":29}},"5":{"start":{"line":7,"column":0},"end":{"line":7,"column":30}},"6":{"start":{"line":8,"column":0},"end":{"line":8,"column":32}},"7":{"start":{"line":9,"column":0},"end":{"line":9,"column":56}},"8":{"start":{"line":10,"column":0},"end":{"line":10,"column":22}},"9":{"start":{"line":11,"column":0},"end":{"line":11,"column":41}},"10":{"start":{"line":19,"column":0},"end":{"line":19,"column":28}},"11":{"start":{"line":25,"column":0},"end":{"line":25,"column":null}},"12":{"start":{"line":26,"column":0},"end":{"line":26,"column":null}},"13":{"start":{"line":27,"column":0},"end":{"line":27,"column":null}},"14":{"start":{"line":29,"column":0},"end":{"line":59,"column":null}},"15":{"start":{"line":29,"column":59},"end":{"line":59,"column":2}},"16":{"start":{"line":30,"column":19},"end":{"line":30,"column":61}},"17":{"start":{"line":31,"column":4},"end":{"line":58,"column":5}},"18":{"start":{"line":32,"column":29},"end":{"line":32,"column":94}},"19":{"start":{"line":32,"column":69},"end":{"line":32,"column":82}},"20":{"start":{"line":33,"column":8},"end":{"line":33,"column":null}},"21":{"start":{"line":35,"column":44},"end":{"line":35,"column":56}},"22":{"start":{"line":36,"column":34},"end":{"line":36,"column":62}},"23":{"start":{"line":37,"column":8},"end":{"line":56,"column":9}},"24":{"start":{"line":38,"column":12},"end":{"line":38,"column":null}},"25":{"start":{"line":40,"column":27},"end":{"line":40,"column":29}},"26":{"start":{"line":41,"column":12},"end":{"line":55,"column":null}},"27":{"start":{"line":42,"column":36},"end":{"line":52,"column":18}},"28":{"start":{"line":44,"column":39},"end":{"line":49,"column":26}},"29":{"start":{"line":50,"column":24},"end":{"line":50,"column":43}},"30":{"start":{"line":51,"column":24},"end":{"line":51,"column":null}},"31":{"start":{"line":54,"column":20},"end":{"line":54,"column":null}},"32":{"start":{"line":65,"column":4},"end":{"line":74,"column":5}},"33":{"start":{"line":66,"column":21},"end":{"line":66,"column":52}},"34":{"start":{"line":67,"column":8},"end":{"line":69,"column":9}},"35":{"start":{"line":68,"column":12},"end":{"line":68,"column":null}},"36":{"start":{"line":70,"column":8},"end":{"line":70,"column":null}},"37":{"start":{"line":73,"column":8},"end":{"line":73,"column":null}},"38":{"start":{"line":78,"column":0},"end":{"line":78,"column":null}},"39":{"start":{"line":80,"column":0},"end":{"line":96,"column":null}},"40":{"start":{"line":81,"column":4},"end":{"line":94,"column":null}},"41":{"start":{"line":82,"column":8},"end":{"line":84,"column":9}},"42":{"start":{"line":83,"column":12},"end":{"line":83,"column":null}},"43":{"start":{"line":85,"column":8},"end":{"line":87,"column":9}},"44":{"start":{"line":86,"column":12},"end":{"line":86,"column":null}},"45":{"start":{"line":88,"column":27},"end":{"line":88,"column":85}},"46":{"start":{"line":89,"column":8},"end":{"line":89,"column":null}},"47":{"start":{"line":90,"column":22},"end":{"line":90,"column":76}},"48":{"start":{"line":91,"column":8},"end":{"line":91,"column":null}},"49":{"start":{"line":92,"column":8},"end":{"line":92,"column":null}},"50":{"start":{"line":98,"column":0},"end":{"line":98,"column":22}}},"fnMap":{"0":{"name":"(anonymous_8)","decl":{"start":{"line":29,"column":25},"end":{"line":29,"column":31}},"loc":{"start":{"line":29,"column":59},"end":{"line":59,"column":2}}},"1":{"name":"(anonymous_9)","decl":{"start":{"line":29,"column":59},"end":{"line":29,"column":null}},"loc":{"start":{"line":29,"column":59},"end":{"line":59,"column":1}}},"2":{"name":"(anonymous_10)","decl":{"start":{"line":32,"column":54},"end":{"line":32,"column":55}},"loc":{"start":{"line":32,"column":69},"end":{"line":32,"column":82}}},"3":{"name":"(anonymous_11)","decl":{"start":{"line":42,"column":22},"end":{"line":42,"column":28}},"loc":{"start":{"line":42,"column":36},"end":{"line":52,"column":18}}},"4":{"name":"(anonymous_12)","decl":{"start":{"line":42,"column":36},"end":{"line":42,"column":null}},"loc":{"start":{"line":42,"column":36},"end":{"line":52,"column":17}}},"5":{"name":"(anonymous_13)","decl":{"start":{"line":53,"column":23},"end":{"line":53,"column":26}},"loc":{"start":{"line":53,"column":28},"end":{"line":55,"column":17}}},"6":{"name":"validateUser","decl":{"start":{"line":64,"column":15},"end":{"line":64,"column":27}},"loc":{"start":{"line":64,"column":79},"end":{"line":75,"column":null}}},"7":{"name":"(anonymous_16)","decl":{"start":{"line":80,"column":21},"end":{"line":80,"column":22}},"loc":{"start":{"line":80,"column":65},"end":{"line":96,"column":1}}},"8":{"name":"(anonymous_17)","decl":{"start":{"line":81,"column":53},"end":{"line":81,"column":54}},"loc":{"start":{"line":81,"column":79},"end":{"line":94,"column":5}}}},"branchMap":{"0":{"loc":{"start":{"line":31,"column":4},"end":{"line":58,"column":5}},"type":"if","locations":[{"start":{"line":31,"column":4},"end":{"line":58,"column":5}},{"start":{"line":34,"column":11},"end":{"line":58,"column":5}}]},"1":{"loc":{"start":{"line":37,"column":8},"end":{"line":56,"column":9}},"type":"if","locations":[{"start":{"line":37,"column":8},"end":{"line":56,"column":9}},{"start":{"line":39,"column":15},"end":{"line":56,"column":9}}]},"2":{"loc":{"start":{"line":67,"column":8},"end":{"line":69,"column":9}},"type":"if","locations":[{"start":{"line":67,"column":8},"end":{"line":69,"column":9}}]},"3":{"loc":{"start":{"line":67,"column":11},"end":{"line":67,"column":67}},"type":"binary-expr","locations":[{"start":{"line":67,"column":11},"end":{"line":67,"column":16}},{"start":{"line":67,"column":20},"end":{"line":67,"column":67}}]},"4":{"loc":{"start":{"line":82,"column":8},"end":{"line":84,"column":9}},"type":"if","locations":[{"start":{"line":82,"column":8},"end":{"line":84,"column":9}}]},"5":{"loc":{"start":{"line":85,"column":8},"end":{"line":87,"column":9}},"type":"if","locations":[{"start":{"line":85,"column":8},"end":{"line":87,"column":9}}]}},"s":{"0":1,"1":1,"2":1,"3":1,"4":1,"5":1,"6":1,"7":1,"8":1,"9":1,"10":1,"11":1,"12":1,"13":1,"14":1,"15":1,"16":1,"17":1,"18":0,"19":0,"20":0,"21":1,"22":1,"23":1,"24":1,"25":0,"26":0,"27":0,"28":0,"29":0,"30":0,"31":0,"32":2,"33":2,"34":2,"35":1,"36":1,"37":0,"38":1,"39":1,"40":2,"41":2,"42":0,"43":2,"44":1,"45":1,"46":1,"47":1,"48":1,"49":1,"50":1},"f":{"0":1,"1":1,"2":0,"3":0,"4":0,"5":0,"6":2,"7":2,"8":2},"b":{"0":[0,1],"1":[1,0],"2":[1],"3":[2,1],"4":[0],"5":[1]}}
,"C:\\Users\\HP\\Documents\\backend-side\\src\\routes\\projects.ts": {"path":"C:\\Users\\HP\\Documents\\backend-side\\src\\routes\\projects.ts","statementMap":{"0":{"start":{"line":1,"column":0},"end":{"line":1,"column":72}},"1":{"start":{"line":2,"column":22},"end":{"line":2,"column":38}},"2":{"start":{"line":3,"column":0},"end":{"line":3,"column":44}},"3":{"start":{"line":4,"column":0},"end":{"line":4,"column":41}},"4":{"start":{"line":6,"column":0},"end":{"line":6,"column":52}},"5":{"start":{"line":8,"column":0},"end":{"line":8,"column":31}},"6":{"start":{"line":10,"column":0},"end":{"line":10,"column":null}},"7":{"start":{"line":11,"column":0},"end":{"line":11,"column":34}},"8":{"start":{"line":17,"column":0},"end":{"line":17,"column":null}},"9":{"start":{"line":18,"column":0},"end":{"line":18,"column":null}},"10":{"start":{"line":19,"column":0},"end":{"line":19,"column":null}},"11":{"start":{"line":26,"column":0},"end":{"line":26,"column":null}},"12":{"start":{"line":27,"column":0},"end":{"line":27,"column":null}},"13":{"start":{"line":28,"column":0},"end":{"line":28,"column":null}},"14":{"start":{"line":29,"column":0},"end":{"line":29,"column":null}},"15":{"start":{"line":40,"column":36},"end":{"line":43,"column":null}},"16":{"start":{"line":46,"column":4},"end":{"line":59,"column":null}},"17":{"start":{"line":46,"column":88},"end":{"line":59,"column":6}},"18":{"start":{"line":47,"column":8},"end":{"line":58,"column":9}},"19":{"start":{"line":48,"column":12},"end":{"line":50,"column":13}},"20":{"start":{"line":49,"column":16},"end":{"line":49,"column":null}},"21":{"start":{"line":51,"column":12},"end":{"line":53,"column":13}},"22":{"start":{"line":52,"column":16},"end":{"line":52,"column":null}},"23":{"start":{"line":54,"column":29},"end":{"line":54,"column":49}},"24":{"start":{"line":55,"column":12},"end":{"line":55,"column":null}},"25":{"start":{"line":57,"column":12},"end":{"line":57,"column":null}},"26":{"start":{"line":64,"column":4},"end":{"line":83,"column":null}},"27":{"start":{"line":64,"column":88},"end":{"line":83,"column":6}},"28":{"start":{"line":65,"column":8},"end":{"line":82,"column":9}},"29":{"start":{"line":66,"column":12},"end":{"line":68,"column":13}},"30":{"start":{"line":67,"column":16},"end":{"line":67,"column":null}},"31":{"start":{"line":69,"column":12},"end":{"line":71,"column":13}},"32":{"start":{"line":70,"column":16},"end":{"line":70,"column":null}},"33":{"start":{"line":72,"column":47},"end":{"line":72,"column":55}},"34":{"start":{"line":73,"column":28},"end":{"line":77,"column":14}},"35":{"start":{"line":78,"column":12},"end":{"line":78,"column":null}},"36":{"start":{"line":79,"column":12},"end":{"line":79,"column":null}},"37":{"start":{"line":81,"column":12},"end":{"line":81,"column":null}},"38":{"start":{"line":88,"column":4},"end":{"line":108,"column":null}},"39":{"start":{"line":88,"column":88},"end":{"line":108,"column":6}},"40":{"start":{"line":89,"column":8},"end":{"line":107,"column":9}},"41":{"start":{"line":90,"column":12},"end":{"line":92,"column":13}},"42":{"start":{"line":91,"column":16},"end":{"line":91,"column":null}},"43":{"start":{"line":93,"column":12},"end":{"line":95,"column":13}},"44":{"start":{"line":94,"column":16},"end":{"line":94,"column":null}},"45":{"start":{"line":96,"column":30},"end":{"line":102,"column":27}},"46":{"start":{"line":103,"column":12},"end":{"line":103,"column":null}},"47":{"start":{"line":103,"column":34},"end":{"line":103,"column":null}},"48":{"start":{"line":104,"column":12},"end":{"line":104,"column":null}},"49":{"start":{"line":106,"column":12},"end":{"line":106,"column":null}},"50":{"start":{"line":112,"column":4},"end":{"line":126,"column":null}},"51":{"start":{"line":112,"column":88},"end":{"line":126,"column":6}},"52":{"start":{"line":113,"column":8},"end":{"line":125,"column":9}},"53":{"start":{"line":114,"column":12},"end":{"line":116,"column":13}},"54":{"start":{"line":115,"column":16},"end":{"line":115,"column":null}},"55":{"start":{"line":117,"column":12},"end":{"line":119,"column":13}},"56":{"start":{"line":118,"column":16},"end":{"line":118,"column":null}},"57":{"start":{"line":120,"column":30},"end":{"line":120,"column":76}},"58":{"start":{"line":121,"column":12},"end":{"line":121,"column":null}},"59":{"start":{"line":121,"column":28},"end":{"line":121,"column":null}},"60":{"start":{"line":122,"column":12},"end":{"line":122,"column":null}},"61":{"start":{"line":124,"column":12},"end":{"line":124,"column":null}},"62":{"start":{"line":134,"column":0},"end":{"line":147,"column":null}},"63":{"start":{"line":134,"column":73},"end":{"line":147,"column":3}},"64":{"start":{"line":135,"column":4},"end":{"line":144,"column":5}},"65":{"start":{"line":136,"column":21},"end":{"line":136,"column":73}},"66":{"start":{"line":137,"column":8},"end":{"line":141,"column":9}},"67":{"start":{"line":138,"column":12},"end":{"line":138,"column":null}},"68":{"start":{"line":140,"column":12},"end":{"line":140,"column":null}},"69":{"start":{"line":143,"column":8},"end":{"line":143,"column":null}},"70":{"start":{"line":150,"column":0},"end":{"line":150,"column":22}}},"fnMap":{"0":{"name":"allowUserToSeePostedProject","decl":{"start":{"line":45,"column":15},"end":{"line":45,"column":42}},"loc":{"start":{"line":45,"column":87},"end":{"line":60,"column":null}}},"1":{"name":"(anonymous_10)","decl":{"start":{"line":46,"column":51},"end":{"line":46,"column":57}},"loc":{"start":{"line":46,"column":88},"end":{"line":59,"column":6}}},"2":{"name":"(anonymous_11)","decl":{"start":{"line":46,"column":88},"end":{"line":46,"column":null}},"loc":{"start":{"line":46,"column":88},"end":{"line":59,"column":5}}},"3":{"name":"allowPostProject","decl":{"start":{"line":63,"column":15},"end":{"line":63,"column":31}},"loc":{"start":{"line":63,"column":77},"end":{"line":84,"column":null}}},"4":{"name":"(anonymous_14)","decl":{"start":{"line":64,"column":51},"end":{"line":64,"column":57}},"loc":{"start":{"line":64,"column":88},"end":{"line":83,"column":6}}},"5":{"name":"(anonymous_15)","decl":{"start":{"line":64,"column":88},"end":{"line":64,"column":null}},"loc":{"start":{"line":64,"column":88},"end":{"line":83,"column":5}}},"6":{"name":"allowUpdateProject","decl":{"start":{"line":87,"column":15},"end":{"line":87,"column":33}},"loc":{"start":{"line":87,"column":79},"end":{"line":109,"column":null}}},"7":{"name":"(anonymous_18)","decl":{"start":{"line":88,"column":51},"end":{"line":88,"column":57}},"loc":{"start":{"line":88,"column":88},"end":{"line":108,"column":6}}},"8":{"name":"(anonymous_19)","decl":{"start":{"line":88,"column":88},"end":{"line":88,"column":null}},"loc":{"start":{"line":88,"column":88},"end":{"line":108,"column":5}}},"9":{"name":"allowDeleteProject","decl":{"start":{"line":111,"column":15},"end":{"line":111,"column":33}},"loc":{"start":{"line":111,"column":79},"end":{"line":127,"column":null}}},"10":{"name":"(anonymous_22)","decl":{"start":{"line":112,"column":51},"end":{"line":112,"column":57}},"loc":{"start":{"line":112,"column":88},"end":{"line":126,"column":6}}},"11":{"name":"(anonymous_23)","decl":{"start":{"line":112,"column":88},"end":{"line":112,"column":null}},"loc":{"start":{"line":112,"column":88},"end":{"line":126,"column":5}}},"12":{"name":"(anonymous_24)","decl":{"start":{"line":134,"column":38},"end":{"line":134,"column":44}},"loc":{"start":{"line":134,"column":73},"end":{"line":147,"column":3}}},"13":{"name":"(anonymous_25)","decl":{"start":{"line":134,"column":73},"end":{"line":134,"column":null}},"loc":{"start":{"line":134,"column":73},"end":{"line":147,"column":1}}}},"branchMap":{"0":{"loc":{"start":{"line":42,"column":17},"end":{"line":42,"column":60}},"type":"binary-expr","locations":[{"start":{"line":42,"column":17},"end":{"line":42,"column":48}},{"start":{"line":42,"column":52},"end":{"line":42,"column":60}}]},"1":{"loc":{"start":{"line":48,"column":12},"end":{"line":50,"column":13}},"type":"if","locations":[{"start":{"line":48,"column":12},"end":{"line":50,"column":13}}]},"2":{"loc":{"start":{"line":51,"column":12},"end":{"line":53,"column":13}},"type":"if","locations":[{"start":{"line":51,"column":12},"end":{"line":53,"column":13}}]},"3":{"loc":{"start":{"line":66,"column":12},"end":{"line":68,"column":13}},"type":"if","locations":[{"start":{"line":66,"column":12},"end":{"line":68,"column":13}}]},"4":{"loc":{"start":{"line":69,"column":12},"end":{"line":71,"column":13}},"type":"if","locations":[{"start":{"line":69,"column":12},"end":{"line":71,"column":13}}]},"5":{"loc":{"start":{"line":90,"column":12},"end":{"line":92,"column":13}},"type":"if","locations":[{"start":{"line":90,"column":12},"end":{"line":92,"column":13}}]},"6":{"loc":{"start":{"line":93,"column":12},"end":{"line":95,"column":13}},"type":"if","locations":[{"start":{"line":93,"column":12},"end":{"line":95,"column":13}}]},"7":{"loc":{"start":{"line":103,"column":12},"end":{"line":103,"column":null}},"type":"if","locations":[{"start":{"line":103,"column":12},"end":{"line":103,"column":null}}]},"8":{"loc":{"start":{"line":114,"column":12},"end":{"line":116,"column":13}},"type":"if","locations":[{"start":{"line":114,"column":12},"end":{"line":116,"column":13}}]},"9":{"loc":{"start":{"line":117,"column":12},"end":{"line":119,"column":13}},"type":"if","locations":[{"start":{"line":117,"column":12},"end":{"line":119,"column":13}}]},"10":{"loc":{"start":{"line":121,"column":12},"end":{"line":121,"column":null}},"type":"if","locations":[{"start":{"line":121,"column":12},"end":{"line":121,"column":null}}]},"11":{"loc":{"start":{"line":137,"column":8},"end":{"line":141,"column":9}},"type":"if","locations":[{"start":{"line":137,"column":8},"end":{"line":141,"column":9}},{"start":{"line":139,"column":15},"end":{"line":141,"column":9}}]}},"s":{"0":1,"1":1,"2":1,"3":1,"4":1,"5":1,"6":1,"7":1,"8":1,"9":1,"10":1,"11":1,"12":1,"13":1,"14":1,"15":1,"16":0,"17":0,"18":0,"19":0,"20":0,"21":0,"22":0,"23":0,"24":0,"25":0,"26":0,"27":0,"28":0,"29":0,"30":0,"31":0,"32":0,"33":0,"34":0,"35":0,"36":0,"37":0,"38":0,"39":0,"40":0,"41":0,"42":0,"43":0,"44":0,"45":0,"46":0,"47":0,"48":0,"49":0,"50":0,"51":0,"52":0,"53":0,"54":0,"55":0,"56":0,"57":0,"58":0,"59":0,"60":0,"61":0,"62":1,"63":0,"64":0,"65":0,"66":0,"67":0,"68":0,"69":0,"70":1},"f":{"0":0,"1":0,"2":0,"3":0,"4":0,"5":0,"6":0,"7":0,"8":0,"9":0,"10":0,"11":0,"12":0,"13":0},"b":{"0":[1,0],"1":[0],"2":[0],"3":[0],"4":[0],"5":[0],"6":[0],"7":[0],"8":[0],"9":[0],"10":[0],"11":[0,0]}}
,"C:\\Users\\HP\\Documents\\backend-side\\src\\routes\\userprofile.ts": {"path":"C:\\Users\\HP\\Documents\\backend-side\\src\\routes\\userprofile.ts","statementMap":{"0":{"start":{"line":1,"column":0},"end":{"line":1,"column":65}},"1":{"start":{"line":3,"column":0},"end":{"line":3,"column":34}},"2":{"start":{"line":4,"column":0},"end":{"line":4,"column":30}},"3":{"start":{"line":6,"column":0},"end":{"line":6,"column":52}},"4":{"start":{"line":8,"column":0},"end":{"line":8,"column":38}},"5":{"start":{"line":9,"column":0},"end":{"line":9,"column":31}},"6":{"start":{"line":12,"column":19},"end":{"line":12,"column":35}},"7":{"start":{"line":13,"column":0},"end":{"line":13,"column":null}},"8":{"start":{"line":15,"column":0},"end":{"line":15,"column":null}},"9":{"start":{"line":17,"column":0},"end":{"line":17,"column":null}},"10":{"start":{"line":18,"column":18},"end":{"line":18,"column":58}},"11":{"start":{"line":19,"column":15},"end":{"line":19,"column":47}},"12":{"start":{"line":21,"column":4},"end":{"line":37,"column":null}},"13":{"start":{"line":21,"column":88},"end":{"line":37,"column":6}},"14":{"start":{"line":22,"column":8},"end":{"line":36,"column":9}},"15":{"start":{"line":23,"column":12},"end":{"line":25,"column":13}},"16":{"start":{"line":24,"column":16},"end":{"line":24,"column":null}},"17":{"start":{"line":26,"column":38},"end":{"line":26,"column":70}},"18":{"start":{"line":27,"column":31},"end":{"line":27,"column":57}},"19":{"start":{"line":28,"column":28},"end":{"line":31,"column":14}},"20":{"start":{"line":32,"column":12},"end":{"line":32,"column":null}},"21":{"start":{"line":35,"column":12},"end":{"line":35,"column":null}},"22":{"start":{"line":44,"column":19},"end":{"line":47,"column":null}},"23":{"start":{"line":48,"column":0},"end":{"line":58,"column":null}},"24":{"start":{"line":48,"column":75},"end":{"line":58,"column":2}},"25":{"start":{"line":49,"column":4},"end":{"line":57,"column":5}},"26":{"start":{"line":50,"column":21},"end":{"line":50,"column":74}},"27":{"start":{"line":51,"column":8},"end":{"line":51,"column":null}},"28":{"start":{"line":52,"column":8},"end":{"line":54,"column":null}},"29":{"start":{"line":53,"column":12},"end":{"line":53,"column":null}},"30":{"start":{"line":54,"column":15},"end":{"line":54,"column":null}},"31":{"start":{"line":56,"column":8},"end":{"line":56,"column":null}},"32":{"start":{"line":61,"column":0},"end":{"line":61,"column":null}}},"fnMap":{"0":{"name":"userInfoProfile","decl":{"start":{"line":20,"column":15},"end":{"line":20,"column":30}},"loc":{"start":{"line":20,"column":75},"end":{"line":38,"column":null}}},"1":{"name":"(anonymous_10)","decl":{"start":{"line":21,"column":51},"end":{"line":21,"column":57}},"loc":{"start":{"line":21,"column":88},"end":{"line":37,"column":6}}},"2":{"name":"(anonymous_11)","decl":{"start":{"line":21,"column":88},"end":{"line":21,"column":null}},"loc":{"start":{"line":21,"column":88},"end":{"line":37,"column":5}}},"3":{"name":"(anonymous_12)","decl":{"start":{"line":48,"column":38},"end":{"line":48,"column":44}},"loc":{"start":{"line":48,"column":75},"end":{"line":58,"column":2}}},"4":{"name":"(anonymous_13)","decl":{"start":{"line":48,"column":75},"end":{"line":48,"column":null}},"loc":{"start":{"line":48,"column":75},"end":{"line":58,"column":1}}}},"branchMap":{"0":{"loc":{"start":{"line":23,"column":12},"end":{"line":25,"column":13}},"type":"if","locations":[{"start":{"line":23,"column":12},"end":{"line":25,"column":13}}]},"1":{"loc":{"start":{"line":46,"column":17},"end":{"line":46,"column":60}},"type":"binary-expr","locations":[{"start":{"line":46,"column":17},"end":{"line":46,"column":48}},{"start":{"line":46,"column":52},"end":{"line":46,"column":60}}]},"2":{"loc":{"start":{"line":52,"column":8},"end":{"line":54,"column":null}},"type":"if","locations":[{"start":{"line":52,"column":8},"end":{"line":54,"column":null}},{"start":{"line":54,"column":15},"end":{"line":54,"column":null}}]}},"s":{"0":1,"1":1,"2":1,"3":1,"4":1,"5":1,"6":1,"7":1,"8":1,"9":1,"10":1,"11":1,"12":0,"13":0,"14":0,"15":0,"16":0,"17":0,"18":0,"19":0,"20":0,"21":0,"22":1,"23":1,"24":0,"25":0,"26":0,"27":0,"28":0,"29":0,"30":0,"31":0,"32":1},"f":{"0":0,"1":0,"2":0,"3":0,"4":0},"b":{"0":[0],"1":[1,0],"2":[0,0]}}
,"C:\\Users\\HP\\Documents\\backend-side\\src\\validator\\swagger.ts": {"path":"C:\\Users\\HP\\Documents\\backend-side\\src\\validator\\swagger.ts","statementMap":{"0":{"start":{"line":1,"column":0},"end":{"line":1,"column":39}},"1":{"start":{"line":2,"column":0},"end":{"line":2,"column":30}},"2":{"start":{"line":3,"column":0},"end":{"line":3,"column":42}},"3":{"start":{"line":4,"column":21},"end":{"line":4,"column":58}},"4":{"start":{"line":5,"column":0},"end":{"line":5,"column":28}},"5":{"start":{"line":8,"column":4},"end":{"line":8,"column":null}},"6":{"start":{"line":9,"column":4},"end":{"line":9,"column":null}},"7":{"start":{"line":10,"column":4},"end":{"line":10,"column":null}},"8":{"start":{"line":11,"column":4},"end":{"line":11,"column":null}},"9":{"start":{"line":15,"column":0},"end":{"line":15,"column":null}}},"fnMap":{"0":{"name":"swaggerDocs","decl":{"start":{"line":7,"column":9},"end":{"line":7,"column":20}},"loc":{"start":{"line":7,"column":44},"end":{"line":12,"column":1}}}},"branchMap":{},"s":{"0":0,"1":0,"2":0,"3":0,"4":0,"5":0,"6":0,"7":0,"8":0,"9":0},"f":{"0":0},"b":{}}
,"C:\\Users\\HP\\Documents\\backend-side\\src\\validator\\validateuser.ts": {"path":"C:\\Users\\HP\\Documents\\backend-side\\src\\validator\\validateuser.ts","statementMap":{"0":{"start":{"line":1,"column":0},"end":{"line":1,"column":21}},"1":{"start":{"line":2,"column":23},"end":{"line":11,"column":2}},"2":{"start":{"line":19,"column":9},"end":{"line":19,"column":23}},"3":{"start":{"line":12,"column":16},"end":{"line":16,"column":null}},"4":{"start":{"line":19,"column":25},"end":{"line":19,"column":32}}},"fnMap":{},"branchMap":{},"s":{"0":1,"1":1,"2":1,"3":1,"4":1},"f":{},"b":{}}
}
