TN:
SF:src\app.ts
FN:23,(anonymous_7)
FN:25,(anonymous_8)
FN:29,(anonymous_9)
FNF:3
FNH:2
FNDA:1,(anonymous_7)
FNDA:0,(anonymous_8)
FNDA:1,(anonymous_9)
DA:1,1
DA:2,1
DA:3,1
DA:4,1
DA:5,1
DA:6,1
DA:7,1
DA:8,1
DA:9,1
DA:11,1
DA:12,1
DA:14,1
DA:15,1
DA:16,1
DA:17,1
DA:18,1
DA:19,1
DA:20,1
DA:21,1
DA:22,1
DA:24,1
DA:26,0
DA:29,1
DA:30,1
DA:35,1
LF:25
LH:24
BRF:0
BRH:0
end_of_record
TN:
SF:src\model\login.ts
FNF:0
FNH:0
DA:1,1
DA:8,1
DA:23,1
DA:24,1
LF:4
LH:4
BRF:0
BRH:0
end_of_record
TN:
SF:src\routes\blogs.ts
FN:31,(anonymous_8)
FN:46,authenticateToSeeAllBlogIn
FN:47,(anonymous_11)
FN:47,(anonymous_12)
FN:68,authenticateToPostBlog
FN:69,(anonymous_15)
FN:69,(anonymous_16)
FN:100,accessSingleBlog
FN:101,(anonymous_19)
FN:101,(anonymous_20)
FN:122,deleteSingleBlog
FN:123,(anonymous_23)
FN:123,(anonymous_24)
FN:145,updateSingleBlog
FN:146,(anonymous_27)
FN:146,(anonymous_28)
FN:180,(anonymous_29)
FN:180,(anonymous_30)
FNF:18
FNH:0
FNDA:0,(anonymous_8)
FNDA:0,authenticateToSeeAllBlogIn
FNDA:0,(anonymous_11)
FNDA:0,(anonymous_12)
FNDA:0,authenticateToPostBlog
FNDA:0,(anonymous_15)
FNDA:0,(anonymous_16)
FNDA:0,accessSingleBlog
FNDA:0,(anonymous_19)
FNDA:0,(anonymous_20)
FNDA:0,deleteSingleBlog
FNDA:0,(anonymous_23)
FNDA:0,(anonymous_24)
FNDA:0,updateSingleBlog
FNDA:0,(anonymous_27)
FNDA:0,(anonymous_28)
FNDA:0,(anonymous_29)
FNDA:0,(anonymous_30)
DA:5,1
DA:6,1
DA:7,1
DA:8,1
DA:9,1
DA:10,1
DA:11,1
DA:12,1
DA:14,1
DA:17,1
DA:18,1
DA:19,1
DA:20,1
DA:21,1
DA:22,1
DA:29,1
DA:32,0
DA:35,1
DA:40,1
DA:41,1
DA:42,1
DA:43,1
DA:44,1
DA:46,1
DA:47,0
DA:48,0
DA:49,0
DA:50,0
DA:52,0
DA:54,0
DA:57,0
DA:58,0
DA:60,0
DA:69,0
DA:70,0
DA:71,0
DA:72,0
DA:74,0
DA:75,0
DA:78,0
DA:79,0
DA:81,0
DA:82,0
DA:89,0
DA:90,0
DA:92,0
DA:101,0
DA:102,0
DA:103,0
DA:104,0
DA:106,0
DA:107,0
DA:110,0
DA:111,0
DA:112,0
DA:114,0
DA:123,0
DA:124,0
DA:125,0
DA:126,0
DA:128,0
DA:129,0
DA:132,0
DA:133,0
DA:134,0
DA:135,0
DA:137,0
DA:146,0
DA:147,0
DA:148,0
DA:149,0
DA:151,0
DA:152,0
DA:155,0
DA:162,0
DA:163,0
DA:164,0
DA:166,0
DA:176,1
DA:180,1
DA:181,0
DA:182,0
DA:183,0
DA:184,0
DA:186,0
DA:189,0
DA:196,1
LF:87
LH:26
BRDA:32,0,0,0
BRDA:32,0,1,0
BRDA:32,1,0,0
BRDA:32,1,1,0
BRDA:32,2,0,0
BRDA:32,2,1,0
BRDA:32,3,0,0
BRDA:32,3,1,0
BRDA:49,4,0,0
BRDA:52,5,0,0
BRDA:71,6,0,0
BRDA:74,7,0,0
BRDA:79,8,0,0
BRDA:79,8,1,0
BRDA:79,9,0,0
BRDA:79,9,1,0
BRDA:86,10,0,0
BRDA:86,10,1,0
BRDA:86,10,2,0
BRDA:103,11,0,0
BRDA:106,12,0,0
BRDA:111,13,0,0
BRDA:125,14,0,0
BRDA:128,15,0,0
BRDA:134,16,0,0
BRDA:148,17,0,0
BRDA:151,18,0,0
BRDA:162,19,0,0
BRDA:178,20,0,1
BRDA:178,20,1,0
BRDA:183,21,0,0
BRDA:183,21,1,0
BRF:32
BRH:1
end_of_record
